<?xml version="1.0" encoding="UTF-8"?>
<testsuite name="org.earelin.ecclesia.service.OrganizationServiceIntegrationTest" tests="6" skipped="0" failures="0" errors="0" timestamp="2016-04-11T19:08:28" hostname="UBM58820MAC" time="0.027">
  <properties/>
  <testcase name="removeExistingOrganization" classname="org.earelin.ecclesia.service.OrganizationServiceIntegrationTest" time="0.007"/>
  <testcase name="getExistingOrganization" classname="org.earelin.ecclesia.service.OrganizationServiceIntegrationTest" time="0.005"/>
  <testcase name="createNewOrganization" classname="org.earelin.ecclesia.service.OrganizationServiceIntegrationTest" time="0.002"/>
  <testcase name="updatedOrganizationShouldHaveNotBlankName" classname="org.earelin.ecclesia.service.OrganizationServiceIntegrationTest" time="0.003"/>
  <testcase name="updateExistingOrganization" classname="org.earelin.ecclesia.service.OrganizationServiceIntegrationTest" time="0.005"/>
  <testcase name="newOrganizationShouldHaveNotBlankName" classname="org.earelin.ecclesia.service.OrganizationServiceIntegrationTest" time="0.002"/>
  <system-out><![CDATA[2016-04-11 20:08:28 [Test worker] INFO  o.s.t.c.s.DefaultTestContextBootstrapper - Loaded default TestExecutionListener class names from location [META-INF/spring.factories]: [org.springframework.test.context.web.ServletTestExecutionListener, org.springframework.test.context.support.DirtiesContextBeforeModesTestExecutionListener, org.springframework.test.context.support.DependencyInjectionTestExecutionListener, org.springframework.test.context.support.DirtiesContextTestExecutionListener, org.springframework.test.context.transaction.TransactionalTestExecutionListener, org.springframework.test.context.jdbc.SqlScriptsTestExecutionListener]
2016-04-11 20:08:28 [Test worker] INFO  o.s.t.c.s.DefaultTestContextBootstrapper - Using TestExecutionListeners: [org.springframework.test.context.web.ServletTestExecutionListener@198074db, org.springframework.test.context.support.DirtiesContextBeforeModesTestExecutionListener@306be326, org.springframework.test.context.support.DependencyInjectionTestExecutionListener@3dd2951c, org.springframework.test.context.support.DirtiesContextTestExecutionListener@6971bd26, org.springframework.test.context.transaction.TransactionalTestExecutionListener@734d2a7f, org.springframework.test.context.jdbc.SqlScriptsTestExecutionListener@1cd095e3]
]]></system-out>
  <system-err><![CDATA[]]></system-err>
</testsuite>
